This is pdfTeX, Version 3.14159265-2.6-1.40.19 (MiKTeX 2.9.6840 64-bit) (preloaded format=latex 2018.12.17)  17 DEC 2018 09:39
entering extended mode
**"./Final report/TeamAlpha_finalreport.tex"
("Final report/TeamAlpha_finalreport.tex"
LaTeX2e <2018-04-01> patch level 5

! LaTeX Error: File `sig-alternate-05-2015.cls' not found.

Type X to quit or <RETURN> to proceed,
or enter new name. (Default extension: cls)

Enter file name: x

 )
(\end occurred when \ifx on line 49 was incomplete)
(\end occurred when \ifx on line 49 was incomplete) 
Here is how much of TeX's memory you used:
 13 strings out of 492971
 390 string characters out of 3135886
 56390 words of memory out of 3000000
 3983 multiletter control sequences out of 15000+200000
 3640 words of font info for 14 fonts, out of 3000000 for 9000
 1141 hyphenation exceptions out of 8191
 10i,0n,8p,160b,8s stack positions out of 5000i,500n,10000p,200000b,50000s

No pages of output.
